<?xml version="1.0" encoding="UTF-8"?>
<!-- Generated by org.testng.reporters.JUnitReportReporter -->
<testsuite hostname="LP-B043056-W10" name="com.TestNG.OHRM_LogInTest" tests="1" failures="0" timestamp="27 Sep 2019 16:48:50 GMT" time="5.423" errors="0">
  <testcase name="LogIn" time="5.423" classname="com.TestNG.OHRM_LogInTest"/>
</testsuite> <!-- com.TestNG.OHRM_LogInTest -->
