<?xml version="1.0" encoding="UTF-8"?>
<!-- Generated by org.testng.reporters.JUnitReportReporter -->
<testsuite hostname="LP-B043056-W10" name="com.TestNG.TestNG_Annotations1" tests="1" failures="0" timestamp="23 Sep 2019 11:12:25 GMT" time="0.017" errors="0">
  <testcase name="setUp" time="0.017" classname="com.TestNG.TestNG_Annotations1"/>
</testsuite> <!-- com.TestNG.TestNG_Annotations1 -->
